------------------------------------------------------------
Server listening on TCP port 5001
TCP window size:  128 KByte (default)
------------------------------------------------------------
------------------------------------------------------------
Client connecting to 192.168.10.2, TCP port 5001
TCP window size: 85.0 KByte (default)
------------------------------------------------------------
[  1] local 192.168.10.1 port 52950 connected with 192.168.10.2 port 5001
[  2] local 192.168.10.1 port 5001 connected with 192.168.10.2 port 41448
[ ID] Interval       Transfer     Bandwidth
[  2] 0.0000-1.0000 sec  96.5 MBytes   809 Mbits/sec
[  1] 0.0000-1.0000 sec   113 MBytes   946 Mbits/sec
[  2] 1.0000-2.0000 sec  97.5 MBytes   818 Mbits/sec
[  1] 1.0000-2.0000 sec   111 MBytes   931 Mbits/sec
[  2] 2.0000-3.0000 sec  98.3 MBytes   824 Mbits/sec
[  1] 2.0000-3.0000 sec   112 MBytes   937 Mbits/sec
[  2] 3.0000-4.0000 sec  98.0 MBytes   822 Mbits/sec
[  1] 3.0000-4.0000 sec   112 MBytes   935 Mbits/sec
[  2] 4.0000-5.0000 sec  98.8 MBytes   828 Mbits/sec
[  1] 4.0000-5.0000 sec   111 MBytes   934 Mbits/sec
[  2] 5.0000-6.0000 sec  98.2 MBytes   824 Mbits/sec
[  1] 5.0000-6.0000 sec   111 MBytes   929 Mbits/sec
[  2] 6.0000-7.0000 sec  98.0 MBytes   822 Mbits/sec
[  1] 6.0000-7.0000 sec   112 MBytes   941 Mbits/sec
[  2] 7.0000-8.0000 sec  97.1 MBytes   815 Mbits/sec
[  1] 7.0000-8.0000 sec   111 MBytes   934 Mbits/sec
[  2] 8.0000-9.0000 sec  98.0 MBytes   822 Mbits/sec
[  1] 8.0000-9.0000 sec   111 MBytes   933 Mbits/sec
[  2] 9.0000-10.0000 sec  98.6 MBytes   827 Mbits/sec
[  1] 9.0000-10.0000 sec   111 MBytes   931 Mbits/sec
[  2] 0.0000-10.0268 sec   982 MBytes   821 Mbits/sec
[  1] 0.0000-10.0291 sec  1.09 GBytes   933 Mbits/sec
